12-01-19 14:20:04 6452       INFO      FLOW3                File Monitor detected 3 changed files and 0 changed directories. [logged in TYPO3\FLOW3\Monitor\FileMonitor::detectChanges()]
12-01-19 14:20:04 6452       DEBUG     FLOW3                Reflecting class TYPO3\CoSA\Controller\RoomController [logged in TYPO3\FLOW3\Reflection\ReflectionService::log()]
12-01-19 14:20:04 6452       DEBUG     FLOW3                Reflecting class TYPO3\CoSA\Domain\Repository\RoomRepository [logged in TYPO3\FLOW3\Reflection\ReflectionService::log()]
12-01-19 14:20:04 6452       DEBUG     FLOW3                Reflecting class TYPO3\CoSA\Domain\Repository\RouteRepository [logged in TYPO3\FLOW3\Reflection\ReflectionService::log()]
12-01-19 14:20:04 6452       INFO      FLOW3                Reflected 3 emerged classes. [logged in TYPO3\FLOW3\Reflection\ReflectionService::log()]
12-01-19 14:20:06 6452       DEBUG     FLOW3                Found 3 classes whose reflection data was not cached previously. [logged in TYPO3\FLOW3\Reflection\ReflectionService::log()]
12-01-19 14:20:06 2679       DEBUG     FLOW3                Router route(): Route "FLOW3 :: default with action and format" matched the path "typo3.cosa/room/start". [logged in TYPO3\FLOW3\MVC\Web\Routing\Router_Original::findMatchResults()]
12-01-19 14:20:08 2679       DEBUG     FLOW3                Router route(): Route "FLOW3 :: default with action and format" matched the path "typo3.cosa/room/load". [logged in TYPO3\FLOW3\MVC\Web\Routing\Router_Original::findMatchResults()]
12-01-19 14:22:28 6560       INFO      FLOW3                File Monitor detected 1 changed files and 0 changed directories. [logged in TYPO3\FLOW3\Monitor\FileMonitor::detectChanges()]
12-01-19 14:22:28 6560       DEBUG     FLOW3                Reflecting class TYPO3\CoSA\Controller\RoomController [logged in TYPO3\FLOW3\Reflection\ReflectionService::log()]
12-01-19 14:22:28 6560       INFO      FLOW3                Reflected 1 emerged classes. [logged in TYPO3\FLOW3\Reflection\ReflectionService::log()]
12-01-19 14:22:29 6560       DEBUG     FLOW3                Found 1 classes whose reflection data was not cached previously. [logged in TYPO3\FLOW3\Reflection\ReflectionService::log()]
12-01-19 14:22:30 2676       DEBUG     FLOW3                Router route(): Route "FLOW3 :: default with action and format" matched the path "typo3.cosa/room/start". [logged in TYPO3\FLOW3\MVC\Web\Routing\Router_Original::findMatchResults()]
12-01-19 14:22:31 2676       DEBUG     FLOW3                Router route(): Route "FLOW3 :: default with action and format" matched the path "typo3.cosa/room/load". [logged in TYPO3\FLOW3\MVC\Web\Routing\Router_Original::findMatchResults()]
12-01-19 14:25:38 6660       INFO      FLOW3                File Monitor detected 1 changed files and 0 changed directories. [logged in TYPO3\FLOW3\Monitor\FileMonitor::detectChanges()]
12-01-19 14:25:38 6660       DEBUG     FLOW3                Reflecting class TYPO3\CoSA\Controller\RoomController [logged in TYPO3\FLOW3\Reflection\ReflectionService::log()]
12-01-19 14:25:38 6660       INFO      FLOW3                Reflected 1 emerged classes. [logged in TYPO3\FLOW3\Reflection\ReflectionService::log()]
12-01-19 14:25:39 6660       DEBUG     FLOW3                Found 1 classes whose reflection data was not cached previously. [logged in TYPO3\FLOW3\Reflection\ReflectionService::log()]
12-01-19 14:25:40 2685       DEBUG     FLOW3                Router route(): Route "FLOW3 :: default with action and format" matched the path "typo3.cosa/room/load". [logged in TYPO3\FLOW3\MVC\Web\Routing\Router_Original::findMatchResults()]
12-01-19 14:25:40 2685       CRITICAL  FLOW3                Uncaught exception #1 in line 132 of /Users/Pensan/Webpages/Apache/CoSA/Data/Temporary/Development/Cache/Code/FLOW3_Object_Classes/TYPO3_CoSA_Controller_RoomController_Original.php: Notice: Undefined property: TYPO3\CoSA\Controller\RoomController::$answerRepository in /Users/Pensan/Webpages/Apache/CoSA/Data/Temporary/Development/Cache/Code/FLOW3_Object_Classes/TYPO3_CoSA_Controller_RoomController_Original.php line 132 - See also: 2012011914253744bc5a.txt [logged in TYPO3\FLOW3\Error\ErrorHandler::handleError()]
12-01-19 14:26:04 6675       INFO      FLOW3                File Monitor detected 1 changed files and 0 changed directories. [logged in TYPO3\FLOW3\Monitor\FileMonitor::detectChanges()]
12-01-19 14:26:04 6675       DEBUG     FLOW3                Reflecting class TYPO3\CoSA\Controller\RoomController [logged in TYPO3\FLOW3\Reflection\ReflectionService::log()]
12-01-19 14:26:04 6675       INFO      FLOW3                Reflected 1 emerged classes. [logged in TYPO3\FLOW3\Reflection\ReflectionService::log()]
12-01-19 14:26:05 6675       DEBUG     FLOW3                Found 1 classes whose reflection data was not cached previously. [logged in TYPO3\FLOW3\Reflection\ReflectionService::log()]
12-01-19 14:26:05 2687       DEBUG     FLOW3                Router route(): Route "FLOW3 :: default with action and format" matched the path "typo3.cosa/room/load". [logged in TYPO3\FLOW3\MVC\Web\Routing\Router_Original::findMatchResults()]
12-01-19 14:26:05 2687       CRITICAL  FLOW3                Uncaught exception #1 in line 138 of /Users/Pensan/Webpages/Apache/CoSA/Data/Temporary/Development/Cache/Code/FLOW3_Object_Classes/TYPO3_CoSA_Controller_RoomController_Original.php: Notice: Undefined property: TYPO3\CoSA\Controller\RoomController::$answerRepository in /Users/Pensan/Webpages/Apache/CoSA/Data/Temporary/Development/Cache/Code/FLOW3_Object_Classes/TYPO3_CoSA_Controller_RoomController_Original.php line 138 - See also: 20120119142603889ed3.txt [logged in TYPO3\FLOW3\Error\ErrorHandler::handleError()]
12-01-19 14:26:27 6688       INFO      FLOW3                File Monitor detected 1 changed files and 0 changed directories. [logged in TYPO3\FLOW3\Monitor\FileMonitor::detectChanges()]
12-01-19 14:26:28 6688       DEBUG     FLOW3                Reflecting class TYPO3\CoSA\Controller\RoomController [logged in TYPO3\FLOW3\Reflection\ReflectionService::log()]
12-01-19 14:26:28 6688       INFO      FLOW3                Reflected 1 emerged classes. [logged in TYPO3\FLOW3\Reflection\ReflectionService::log()]
12-01-19 14:26:29 6688       DEBUG     FLOW3                Found 1 classes whose reflection data was not cached previously. [logged in TYPO3\FLOW3\Reflection\ReflectionService::log()]
12-01-19 14:26:29 3533       DEBUG     FLOW3                Router route(): Route "FLOW3 :: default with action and format" matched the path "typo3.cosa/room/load". [logged in TYPO3\FLOW3\MVC\Web\Routing\Router_Original::findMatchResults()]
12-01-19 14:26:29 3533       CRITICAL  Fluid                Uncaught exception #1237900529 in line 215 of /Users/Pensan/Webpages/Apache/CoSA/Packages/Framework/TYPO3.Fluid/Classes/Core/ViewHelper/AbstractViewHelper.php: The argument "each" was registered with type "array", but is of type "string" in view helper "TYPO3\Fluid\ViewHelpers\ForViewHelper" - See also: 20120119142627813299.txt [logged in TYPO3\Fluid\Core\ViewHelper\AbstractViewHelper::validateArguments()]
12-01-19 14:26:52 2679       DEBUG     FLOW3                Router route(): Route "FLOW3 :: default with action and format" matched the path "typo3.cosa/room/load". [logged in TYPO3\FLOW3\MVC\Web\Routing\Router_Original::findMatchResults()]
12-01-19 14:38:00 7114       INFO      FLOW3                File Monitor detected 1 changed files and 0 changed directories. [logged in TYPO3\FLOW3\Monitor\FileMonitor::detectChanges()]
12-01-19 14:38:01 7114       DEBUG     FLOW3                Reflecting class TYPO3\CoSA\Controller\RoomController [logged in TYPO3\FLOW3\Reflection\ReflectionService::log()]
12-01-19 14:38:01 7114       INFO      FLOW3                Reflected 1 emerged classes. [logged in TYPO3\FLOW3\Reflection\ReflectionService::log()]
12-01-19 14:38:02 7114       DEBUG     FLOW3                Found 1 classes whose reflection data was not cached previously. [logged in TYPO3\FLOW3\Reflection\ReflectionService::log()]
12-01-19 14:38:02 2680       DEBUG     FLOW3                Router route(): Route "FLOW3 :: default with action and format" matched the path "typo3.cosa/room/load". [logged in TYPO3\FLOW3\MVC\Web\Routing\Router_Original::findMatchResults()]
12-01-19 14:38:02 2680       CRITICAL  FLOW3                Uncaught exception #1 in line 142 of /Users/Pensan/Webpages/Apache/CoSA/Data/Temporary/Development/Cache/Code/FLOW3_Object_Classes/TYPO3_CoSA_Controller_RoomController_Original.php: Notice: Undefined variable: bgImage in /Users/Pensan/Webpages/Apache/CoSA/Data/Temporary/Development/Cache/Code/FLOW3_Object_Classes/TYPO3_CoSA_Controller_RoomController_Original.php line 142 - See also: 201201191438008de67c.txt [logged in TYPO3\FLOW3\Error\ErrorHandler::handleError()]
12-01-19 14:38:21 2693       DEBUG     FLOW3                Router route(): Route "FLOW3 :: default with action and format" matched the path "typo3.cosa/room/load". [logged in TYPO3\FLOW3\MVC\Web\Routing\Router_Original::findMatchResults()]
12-01-19 14:38:21 2693       CRITICAL  FLOW3                Uncaught exception #1 in line 142 of /Users/Pensan/Webpages/Apache/CoSA/Data/Temporary/Development/Cache/Code/FLOW3_Object_Classes/TYPO3_CoSA_Controller_RoomController_Original.php: Notice: Undefined variable: bgImage in /Users/Pensan/Webpages/Apache/CoSA/Data/Temporary/Development/Cache/Code/FLOW3_Object_Classes/TYPO3_CoSA_Controller_RoomController_Original.php line 142 - See also: 2012011914381939c2be.txt [logged in TYPO3\FLOW3\Error\ErrorHandler::handleError()]
12-01-19 14:38:43 7140       INFO      FLOW3                File Monitor detected 1 changed files and 0 changed directories. [logged in TYPO3\FLOW3\Monitor\FileMonitor::detectChanges()]
12-01-19 14:38:44 7140       DEBUG     FLOW3                Reflecting class TYPO3\CoSA\Controller\RoomController [logged in TYPO3\FLOW3\Reflection\ReflectionService::log()]
12-01-19 14:38:44 2685       CRITICAL  FLOW3                Uncaught exception #1297263663 in line 363 of /Users/Pensan/Webpages/Apache/CoSA/Packages/Framework/TYPO3.FLOW3/Classes/Core/Bootstrap.php: The compile run failed. Please check the error output or system log for more information. - See also: 20120119143843af1ee3.txt [logged in TYPO3\FLOW3\Core\Bootstrap::initializeForRuntime()]
12-01-19 14:38:53 7146       INFO      FLOW3                File Monitor detected 1 changed files and 0 changed directories. [logged in TYPO3\FLOW3\Monitor\FileMonitor::detectChanges()]
12-01-19 14:38:53 7146       DEBUG     FLOW3                Reflecting class TYPO3\CoSA\Controller\RoomController [logged in TYPO3\FLOW3\Reflection\ReflectionService::log()]
12-01-19 14:38:53 7146       INFO      FLOW3                Reflected 1 emerged classes. [logged in TYPO3\FLOW3\Reflection\ReflectionService::log()]
12-01-19 14:38:54 7146       DEBUG     FLOW3                Found 1 classes whose reflection data was not cached previously. [logged in TYPO3\FLOW3\Reflection\ReflectionService::log()]
12-01-19 14:38:55 7116       DEBUG     FLOW3                Router route(): Route "FLOW3 :: default with action and format" matched the path "typo3.cosa/room/load". [logged in TYPO3\FLOW3\MVC\Web\Routing\Router_Original::findMatchResults()]
12-01-19 14:38:55 7116       CRITICAL  Fluid                Uncaught exception #1237823695 in line 444 of /Users/Pensan/Webpages/Apache/CoSA/Data/Temporary/Development/Cache/Code/FLOW3_Object_Classes/TYPO3_Fluid_Core_Parser_TemplateParser_Original.php: Argument "contidion" was not registered. - See also: 201201191438528f6297.txt [logged in TYPO3\Fluid\Core\Parser\TemplateParser_Original::abortIfUnregisteredArgumentsExist()]
12-01-19 14:39:20 3447       DEBUG     FLOW3                Router route(): Route "FLOW3 :: default with action and format" matched the path "typo3.cosa/room/load". [logged in TYPO3\FLOW3\MVC\Web\Routing\Router_Original::findMatchResults()]
12-01-19 14:41:43 7340       INFO      FLOW3                File Monitor detected 1 changed files and 0 changed directories. [logged in TYPO3\FLOW3\Monitor\FileMonitor::detectChanges()]
12-01-19 14:41:43 7340       DEBUG     FLOW3                Reflecting class TYPO3\CoSA\Controller\RoomController [logged in TYPO3\FLOW3\Reflection\ReflectionService::log()]
12-01-19 14:41:43 7340       INFO      FLOW3                Reflected 1 emerged classes. [logged in TYPO3\FLOW3\Reflection\ReflectionService::log()]
12-01-19 14:41:44 7340       DEBUG     FLOW3                Found 1 classes whose reflection data was not cached previously. [logged in TYPO3\FLOW3\Reflection\ReflectionService::log()]
12-01-19 14:41:44 2685       DEBUG     FLOW3                Router route(): Route "FLOW3 :: default with action and format" matched the path "typo3.cosa/room/load". [logged in TYPO3\FLOW3\MVC\Web\Routing\Router_Original::findMatchResults()]
12-01-19 14:42:45 7378       INFO      FLOW3                File Monitor detected 1 changed files and 0 changed directories. [logged in TYPO3\FLOW3\Monitor\FileMonitor::detectChanges()]
12-01-19 14:42:45 7378       DEBUG     FLOW3                Reflecting class TYPO3\CoSA\Controller\RoomController [logged in TYPO3\FLOW3\Reflection\ReflectionService::log()]
12-01-19 14:42:45 7378       INFO      FLOW3                Reflected 1 emerged classes. [logged in TYPO3\FLOW3\Reflection\ReflectionService::log()]
12-01-19 14:42:46 7378       DEBUG     FLOW3                Found 1 classes whose reflection data was not cached previously. [logged in TYPO3\FLOW3\Reflection\ReflectionService::log()]
12-01-19 14:42:46 2693       DEBUG     FLOW3                Router route(): Route "FLOW3 :: default with action and format" matched the path "typo3.cosa/room/load". [logged in TYPO3\FLOW3\MVC\Web\Routing\Router_Original::findMatchResults()]
12-01-19 14:42:54 6706       DEBUG     FLOW3                Router route(): Route "FLOW3 :: default with action and format" matched the path "typo3.cosa/room/start". [logged in TYPO3\FLOW3\MVC\Web\Routing\Router_Original::findMatchResults()]
12-01-19 14:42:56 6706       DEBUG     FLOW3                Router route(): Route "FLOW3 :: default with action and format" matched the path "typo3.cosa/room/load". [logged in TYPO3\FLOW3\MVC\Web\Routing\Router_Original::findMatchResults()]
12-01-19 14:43:15 7399       INFO      FLOW3                File Monitor detected 1 changed files and 0 changed directories. [logged in TYPO3\FLOW3\Monitor\FileMonitor::detectChanges()]
12-01-19 14:43:15 7399       DEBUG     FLOW3                Reflecting class TYPO3\CoSA\Controller\RoomController [logged in TYPO3\FLOW3\Reflection\ReflectionService::log()]
12-01-19 14:43:15 7399       INFO      FLOW3                Reflected 1 emerged classes. [logged in TYPO3\FLOW3\Reflection\ReflectionService::log()]
12-01-19 14:43:16 7399       DEBUG     FLOW3                Found 1 classes whose reflection data was not cached previously. [logged in TYPO3\FLOW3\Reflection\ReflectionService::log()]
12-01-19 14:43:16 7172       DEBUG     FLOW3                Router route(): Route "FLOW3 :: default with action and format" matched the path "typo3.cosa/room/load". [logged in TYPO3\FLOW3\MVC\Web\Routing\Router_Original::findMatchResults()]
12-01-19 14:43:51 7419       INFO      FLOW3                File Monitor detected 1 changed files and 0 changed directories. [logged in TYPO3\FLOW3\Monitor\FileMonitor::detectChanges()]
12-01-19 14:43:51 7419       DEBUG     FLOW3                Reflecting class TYPO3\CoSA\Controller\RoomController [logged in TYPO3\FLOW3\Reflection\ReflectionService::log()]
12-01-19 14:43:51 7419       INFO      FLOW3                Reflected 1 emerged classes. [logged in TYPO3\FLOW3\Reflection\ReflectionService::log()]
12-01-19 14:43:52 7419       DEBUG     FLOW3                Found 1 classes whose reflection data was not cached previously. [logged in TYPO3\FLOW3\Reflection\ReflectionService::log()]
12-01-19 14:43:52 7116       DEBUG     FLOW3                Router route(): Route "FLOW3 :: default with action and format" matched the path "typo3.cosa/room/load". [logged in TYPO3\FLOW3\MVC\Web\Routing\Router_Original::findMatchResults()]
12-01-19 14:44:12 7433       INFO      FLOW3                File Monitor detected 1 changed files and 0 changed directories. [logged in TYPO3\FLOW3\Monitor\FileMonitor::detectChanges()]
12-01-19 14:44:12 7433       DEBUG     FLOW3                Reflecting class TYPO3\CoSA\Controller\RoomController [logged in TYPO3\FLOW3\Reflection\ReflectionService::log()]
12-01-19 14:44:12 7433       INFO      FLOW3                Reflected 1 emerged classes. [logged in TYPO3\FLOW3\Reflection\ReflectionService::log()]
12-01-19 14:44:13 7433       DEBUG     FLOW3                Found 1 classes whose reflection data was not cached previously. [logged in TYPO3\FLOW3\Reflection\ReflectionService::log()]
12-01-19 14:44:13 7172       DEBUG     FLOW3                Router route(): Route "FLOW3 :: default with action and format" matched the path "typo3.cosa/room/load". [logged in TYPO3\FLOW3\MVC\Web\Routing\Router_Original::findMatchResults()]
12-01-19 14:44:32 7446       INFO      FLOW3                File Monitor detected 1 changed files and 0 changed directories. [logged in TYPO3\FLOW3\Monitor\FileMonitor::detectChanges()]
12-01-19 14:44:32 7446       DEBUG     FLOW3                Reflecting class TYPO3\CoSA\Controller\RoomController [logged in TYPO3\FLOW3\Reflection\ReflectionService::log()]
12-01-19 14:44:32 7446       INFO      FLOW3                Reflected 1 emerged classes. [logged in TYPO3\FLOW3\Reflection\ReflectionService::log()]
12-01-19 14:44:33 7446       DEBUG     FLOW3                Found 1 classes whose reflection data was not cached previously. [logged in TYPO3\FLOW3\Reflection\ReflectionService::log()]
12-01-19 14:44:33 7402       DEBUG     FLOW3                Router route(): Route "FLOW3 :: default with action and format" matched the path "typo3.cosa/room/load". [logged in TYPO3\FLOW3\MVC\Web\Routing\Router_Original::findMatchResults()]
12-01-19 14:45:48 2685       DEBUG     FLOW3                Router route(): Route "FLOW3 :: default with action and format" matched the path "typo3.cosa/room/getroute". [logged in TYPO3\FLOW3\MVC\Web\Routing\Router_Original::findMatchResults()]
12-01-19 14:45:48 2685       CRITICAL  FLOW3                Uncaught exception #1298012500 in line 133 of /Users/Pensan/Webpages/Apache/CoSA/Data/Temporary/Development/Cache/Code/FLOW3_Object_Classes/TYPO3_FLOW3_MVC_Controller_ActionController_Original.php: Required argument "sourceRoom" is not set. - See also: 20120119144547c4323e.txt [logged in TYPO3\FLOW3\MVC\Controller\AbstractController::mapRequestArgumentsToControllerArguments()]
12-01-19 14:46:07 7423       DEBUG     FLOW3                Router route(): Route "FLOW3 :: default with action and format" matched the path "typo3.cosa/room/load". [logged in TYPO3\FLOW3\MVC\Web\Routing\Router_Original::findMatchResults()]
12-01-19 14:46:11 7423       DEBUG     FLOW3                Router route(): Route "FLOW3 :: default with action and format" matched the path "typo3.cosa/room/getroute". [logged in TYPO3\FLOW3\MVC\Web\Routing\Router_Original::findMatchResults()]
12-01-19 14:46:12 7423       CRITICAL  FLOW3                Uncaught exception #1 in line 164 of /Users/Pensan/Webpages/Apache/CoSA/Data/Temporary/Development/Cache/Code/FLOW3_Object_Classes/TYPO3_CoSA_Controller_RoomController_Original.php: Catchable Fatal Error: Argument 2 passed to TYPO3\CoSA\Controller\RoomController_Original::getRouteAction() must be an instance of TYPO3\CoSA\Controller\Answer, instance of TYPO3\CoSA\Domain\Model\Answer given in /Users/Pensan/Webpages/Apache/CoSA/Data/Temporary/Development/Cache/Code/FLOW3_Object_Classes/TYPO3_CoSA_Controller_RoomController_Original.php line 164 - See also: 201201191446102cf19c.txt [logged in TYPO3\FLOW3\Error\ErrorHandler::handleError()]
12-01-19 14:47:12 7544       INFO      FLOW3                File Monitor detected 1 changed files and 0 changed directories. [logged in TYPO3\FLOW3\Monitor\FileMonitor::detectChanges()]
12-01-19 14:47:12 7544       DEBUG     FLOW3                Reflecting class TYPO3\CoSA\Controller\RoomController [logged in TYPO3\FLOW3\Reflection\ReflectionService::log()]
12-01-19 14:47:12 7544       INFO      FLOW3                Reflected 1 emerged classes. [logged in TYPO3\FLOW3\Reflection\ReflectionService::log()]
12-01-19 14:47:13 7544       DEBUG     FLOW3                Found 1 classes whose reflection data was not cached previously. [logged in TYPO3\FLOW3\Reflection\ReflectionService::log()]
12-01-19 14:47:14 7380       DEBUG     FLOW3                Router route(): Route "FLOW3 :: default with action and format" matched the path "typo3.cosa/room/getroute". [logged in TYPO3\FLOW3\MVC\Web\Routing\Router_Original::findMatchResults()]
12-01-19 14:47:14 7380       CRITICAL  FLOW3                Uncaught exception #1 in line 162 of /Users/Pensan/Webpages/Apache/CoSA/Data/Temporary/Development/Cache/Code/FLOW3_Object_Classes/TYPO3_CoSA_Controller_RoomController_Original.php: Catchable Fatal Error: Argument 2 passed to TYPO3\CoSA\Controller\RoomController_Original::getRouteAction() must be an instance of TYPO3\CoSA\Controller\Answer, instance of TYPO3\CoSA\Domain\Model\Answer given in /Users/Pensan/Webpages/Apache/CoSA/Data/Temporary/Development/Cache/Code/FLOW3_Object_Classes/TYPO3_CoSA_Controller_RoomController_Original.php line 162 - See also: 201201191447122ea705.txt [logged in TYPO3\FLOW3\Error\ErrorHandler::handleError()]
12-01-19 14:47:18 2685       DEBUG     FLOW3                Router route(): Route "FLOW3 :: default with action and format" matched the path "typo3.cosa/room/load". [logged in TYPO3\FLOW3\MVC\Web\Routing\Router_Original::findMatchResults()]
12-01-19 14:47:22 2685       DEBUG     FLOW3                Router route(): Route "FLOW3 :: default with action and format" matched the path "typo3.cosa/room/getroute". [logged in TYPO3\FLOW3\MVC\Web\Routing\Router_Original::findMatchResults()]
12-01-19 14:47:22 2685       CRITICAL  FLOW3                Uncaught exception #1 in line 162 of /Users/Pensan/Webpages/Apache/CoSA/Data/Temporary/Development/Cache/Code/FLOW3_Object_Classes/TYPO3_CoSA_Controller_RoomController_Original.php: Catchable Fatal Error: Argument 2 passed to TYPO3\CoSA\Controller\RoomController_Original::getRouteAction() must be an instance of TYPO3\CoSA\Controller\Answer, instance of TYPO3\CoSA\Domain\Model\Answer given in /Users/Pensan/Webpages/Apache/CoSA/Data/Temporary/Development/Cache/Code/FLOW3_Object_Classes/TYPO3_CoSA_Controller_RoomController_Original.php line 162 - See also: 2012011914472148881e.txt [logged in TYPO3\FLOW3\Error\ErrorHandler::handleError()]
12-01-19 14:47:54 7571       INFO      FLOW3                File Monitor detected 1 changed files and 0 changed directories. [logged in TYPO3\FLOW3\Monitor\FileMonitor::detectChanges()]
12-01-19 14:47:54 7571       DEBUG     FLOW3                Reflecting class TYPO3\CoSA\Controller\RoomController [logged in TYPO3\FLOW3\Reflection\ReflectionService::log()]
12-01-19 14:47:54 7571       INFO      FLOW3                Reflected 1 emerged classes. [logged in TYPO3\FLOW3\Reflection\ReflectionService::log()]
12-01-19 14:47:55 7571       DEBUG     FLOW3                Found 1 classes whose reflection data was not cached previously. [logged in TYPO3\FLOW3\Reflection\ReflectionService::log()]
12-01-19 14:47:55 7449       DEBUG     FLOW3                Router route(): Route "FLOW3 :: default with action and format" matched the path "typo3.cosa/room/getroute". [logged in TYPO3\FLOW3\MVC\Web\Routing\Router_Original::findMatchResults()]
12-01-19 14:47:56 7449       CRITICAL  FLOW3                Uncaught exception #1 in line 162 of /Users/Pensan/Webpages/Apache/CoSA/Data/Temporary/Development/Cache/Code/FLOW3_Object_Classes/TYPO3_CoSA_Controller_RoomController_Original.php: Catchable Fatal Error: Argument 2 passed to TYPO3\CoSA\Controller\RoomController_Original::getRouteAction() must be an instance of TYPO3\CoSA\Controller\Answer, instance of TYPO3\CoSA\Domain\Model\Answer given in /Users/Pensan/Webpages/Apache/CoSA/Data/Temporary/Development/Cache/Code/FLOW3_Object_Classes/TYPO3_CoSA_Controller_RoomController_Original.php line 162 - See also: 2012011914475336942e.txt [logged in TYPO3\FLOW3\Error\ErrorHandler::handleError()]
12-01-19 14:48:14 7116       DEBUG     FLOW3                Router route(): Route "FLOW3 :: default with action and format" matched the path "typo3.cosa/room/load". [logged in TYPO3\FLOW3\MVC\Web\Routing\Router_Original::findMatchResults()]
12-01-19 14:48:25 7380       DEBUG     FLOW3                Router route(): Route "FLOW3 :: default with action and format" matched the path "typo3.cosa/room/getroute". [logged in TYPO3\FLOW3\MVC\Web\Routing\Router_Original::findMatchResults()]
12-01-19 14:48:26 7380       CRITICAL  FLOW3                Uncaught exception #1 in line 162 of /Users/Pensan/Webpages/Apache/CoSA/Data/Temporary/Development/Cache/Code/FLOW3_Object_Classes/TYPO3_CoSA_Controller_RoomController_Original.php: Catchable Fatal Error: Argument 2 passed to TYPO3\CoSA\Controller\RoomController_Original::getRouteAction() must be an instance of TYPO3\CoSA\Controller\Answer, instance of TYPO3\CoSA\Domain\Model\Answer given in /Users/Pensan/Webpages/Apache/CoSA/Data/Temporary/Development/Cache/Code/FLOW3_Object_Classes/TYPO3_CoSA_Controller_RoomController_Original.php line 162 - See also: 2012011914482484d56b.txt [logged in TYPO3\FLOW3\Error\ErrorHandler::handleError()]
12-01-19 14:48:51 7607       INFO      FLOW3                File Monitor detected 1 changed files and 0 changed directories. [logged in TYPO3\FLOW3\Monitor\FileMonitor::detectChanges()]
12-01-19 14:48:51 7607       DEBUG     FLOW3                Reflecting class TYPO3\CoSA\Controller\RoomController [logged in TYPO3\FLOW3\Reflection\ReflectionService::log()]
12-01-19 14:48:51 7607       INFO      FLOW3                Reflected 1 emerged classes. [logged in TYPO3\FLOW3\Reflection\ReflectionService::log()]
12-01-19 14:48:52 7607       DEBUG     FLOW3                Found 1 classes whose reflection data was not cached previously. [logged in TYPO3\FLOW3\Reflection\ReflectionService::log()]
12-01-19 14:48:52 2685       DEBUG     FLOW3                Router route(): Route "FLOW3 :: default with action and format" matched the path "typo3.cosa/room/getroute". [logged in TYPO3\FLOW3\MVC\Web\Routing\Router_Original::findMatchResults()]
12-01-19 14:48:53 2685       CRITICAL  FLOW3                Uncaught exception #1 in line 162 of /Users/Pensan/Webpages/Apache/CoSA/Data/Temporary/Development/Cache/Code/FLOW3_Object_Classes/TYPO3_CoSA_Controller_RoomController_Original.php: Catchable Fatal Error: Argument 2 passed to TYPO3\CoSA\Controller\RoomController_Original::getRouteAction() must be an instance of TYPO3\CoSA\Controller\Answer, instance of TYPO3\CoSA\Domain\Model\Answer given in /Users/Pensan/Webpages/Apache/CoSA/Data/Temporary/Development/Cache/Code/FLOW3_Object_Classes/TYPO3_CoSA_Controller_RoomController_Original.php line 162 - See also: 2012011914485013486c.txt [logged in TYPO3\FLOW3\Error\ErrorHandler::handleError()]
12-01-19 14:49:13 7622       INFO      FLOW3                File Monitor detected 1 changed files and 0 changed directories. [logged in TYPO3\FLOW3\Monitor\FileMonitor::detectChanges()]
12-01-19 14:49:14 7622       DEBUG     FLOW3                Reflecting class TYPO3\CoSA\Controller\RoomController [logged in TYPO3\FLOW3\Reflection\ReflectionService::log()]
12-01-19 14:49:14 7622       INFO      FLOW3                Reflected 1 emerged classes. [logged in TYPO3\FLOW3\Reflection\ReflectionService::log()]
12-01-19 14:49:15 7622       DEBUG     FLOW3                Found 1 classes whose reflection data was not cached previously. [logged in TYPO3\FLOW3\Reflection\ReflectionService::log()]
12-01-19 14:49:15 7608       DEBUG     FLOW3                Router route(): Route "FLOW3 :: default with action and format" matched the path "typo3.cosa/room/load". [logged in TYPO3\FLOW3\MVC\Web\Routing\Router_Original::findMatchResults()]
12-01-19 14:49:19 7608       DEBUG     FLOW3                Router route(): Route "FLOW3 :: default with action and format" matched the path "typo3.cosa/room/next". [logged in TYPO3\FLOW3\MVC\Web\Routing\Router_Original::findMatchResults()]
12-01-19 14:49:19 7608       CRITICAL  FLOW3                Uncaught exception #1 in line 162 of /Users/Pensan/Webpages/Apache/CoSA/Data/Temporary/Development/Cache/Code/FLOW3_Object_Classes/TYPO3_CoSA_Controller_RoomController_Original.php: Catchable Fatal Error: Argument 2 passed to TYPO3\CoSA\Controller\RoomController_Original::nextAction() must be an instance of TYPO3\CoSA\Controller\Answer, instance of TYPO3\CoSA\Domain\Model\Answer given in /Users/Pensan/Webpages/Apache/CoSA/Data/Temporary/Development/Cache/Code/FLOW3_Object_Classes/TYPO3_CoSA_Controller_RoomController_Original.php line 162 - See also: 20120119144918b4180c.txt [logged in TYPO3\FLOW3\Error\ErrorHandler::handleError()]
12-01-19 14:50:05 7706       INFO      FLOW3                File Monitor detected 1 changed files and 0 changed directories. [logged in TYPO3\FLOW3\Monitor\FileMonitor::detectChanges()]
12-01-19 14:50:05 7706       DEBUG     FLOW3                Reflecting class TYPO3\CoSA\Controller\RoomController [logged in TYPO3\FLOW3\Reflection\ReflectionService::log()]
12-01-19 14:50:05 7706       INFO      FLOW3                Reflected 1 emerged classes. [logged in TYPO3\FLOW3\Reflection\ReflectionService::log()]
12-01-19 14:50:06 7706       DEBUG     FLOW3                Found 1 classes whose reflection data was not cached previously. [logged in TYPO3\FLOW3\Reflection\ReflectionService::log()]
12-01-19 14:50:06 7402       DEBUG     FLOW3                Router route(): Route "FLOW3 :: default with action and format" matched the path "typo3.cosa/room/next". [logged in TYPO3\FLOW3\MVC\Web\Routing\Router_Original::findMatchResults()]
12-01-19 14:50:42 7730       INFO      FLOW3                File Monitor detected 1 changed files and 0 changed directories. [logged in TYPO3\FLOW3\Monitor\FileMonitor::detectChanges()]
12-01-19 14:50:42 7730       DEBUG     FLOW3                Reflecting class TYPO3\CoSA\Controller\RoomController [logged in TYPO3\FLOW3\Reflection\ReflectionService::log()]
12-01-19 14:50:42 7730       INFO      FLOW3                Reflected 1 emerged classes. [logged in TYPO3\FLOW3\Reflection\ReflectionService::log()]
12-01-19 14:50:43 7730       DEBUG     FLOW3                Found 1 classes whose reflection data was not cached previously. [logged in TYPO3\FLOW3\Reflection\ReflectionService::log()]
12-01-19 14:50:43 2685       DEBUG     FLOW3                Router route(): Route "FLOW3 :: default with action and format" matched the path "typo3.cosa/room/next". [logged in TYPO3\FLOW3\MVC\Web\Routing\Router_Original::findMatchResults()]
12-01-19 14:51:15 7757       INFO      FLOW3                File Monitor detected 2 changed files and 0 changed directories. [logged in TYPO3\FLOW3\Monitor\FileMonitor::detectChanges()]
12-01-19 14:51:15 7757       DEBUG     FLOW3                Reflecting class TYPO3\CoSA\Controller\RoomController [logged in TYPO3\FLOW3\Reflection\ReflectionService::log()]
12-01-19 14:51:15 7757       DEBUG     FLOW3                Reflecting class TYPO3\CoSA\Domain\Repository\RouteRepository [logged in TYPO3\FLOW3\Reflection\ReflectionService::log()]
12-01-19 14:51:15 7757       INFO      FLOW3                Reflected 2 emerged classes. [logged in TYPO3\FLOW3\Reflection\ReflectionService::log()]
12-01-19 14:51:16 7757       DEBUG     FLOW3                Found 2 classes whose reflection data was not cached previously. [logged in TYPO3\FLOW3\Reflection\ReflectionService::log()]
12-01-19 14:51:16 7619       DEBUG     FLOW3                Router route(): Route "FLOW3 :: default with action and format" matched the path "typo3.cosa/room/next". [logged in TYPO3\FLOW3\MVC\Web\Routing\Router_Original::findMatchResults()]
12-01-19 14:51:23 7763       INFO      FLOW3                File Monitor detected 1 changed files and 0 changed directories. [logged in TYPO3\FLOW3\Monitor\FileMonitor::detectChanges()]
12-01-19 14:51:24 7763       DEBUG     FLOW3                Reflecting class TYPO3\CoSA\Domain\Repository\RouteRepository [logged in TYPO3\FLOW3\Reflection\ReflectionService::log()]
12-01-19 14:51:24 7763       INFO      FLOW3                Reflected 1 emerged classes. [logged in TYPO3\FLOW3\Reflection\ReflectionService::log()]
12-01-19 14:51:24 7763       DEBUG     FLOW3                Found 1 classes whose reflection data was not cached previously. [logged in TYPO3\FLOW3\Reflection\ReflectionService::log()]
12-01-19 14:51:25 7733       DEBUG     FLOW3                Router route(): Route "FLOW3 :: default with action and format" matched the path "typo3.cosa/room/next". [logged in TYPO3\FLOW3\MVC\Web\Routing\Router_Original::findMatchResults()]
12-01-19 14:52:14 7795       INFO      FLOW3                File Monitor detected 1 changed files and 0 changed directories. [logged in TYPO3\FLOW3\Monitor\FileMonitor::detectChanges()]
12-01-19 14:52:14 7795       DEBUG     FLOW3                Reflecting class TYPO3\CoSA\Domain\Repository\RouteRepository [logged in TYPO3\FLOW3\Reflection\ReflectionService::log()]
12-01-19 14:52:14 7795       INFO      FLOW3                Reflected 1 emerged classes. [logged in TYPO3\FLOW3\Reflection\ReflectionService::log()]
12-01-19 14:52:15 7795       DEBUG     FLOW3                Found 1 classes whose reflection data was not cached previously. [logged in TYPO3\FLOW3\Reflection\ReflectionService::log()]
12-01-19 14:52:15 7608       DEBUG     FLOW3                Router route(): Route "FLOW3 :: default with action and format" matched the path "typo3.cosa/room/next". [logged in TYPO3\FLOW3\MVC\Web\Routing\Router_Original::findMatchResults()]
12-01-19 14:52:22 7801       INFO      FLOW3                File Monitor detected 1 changed files and 0 changed directories. [logged in TYPO3\FLOW3\Monitor\FileMonitor::detectChanges()]
12-01-19 14:52:22 7801       DEBUG     FLOW3                Reflecting class TYPO3\CoSA\Domain\Repository\RouteRepository [logged in TYPO3\FLOW3\Reflection\ReflectionService::log()]
12-01-19 14:52:22 7801       INFO      FLOW3                Reflected 1 emerged classes. [logged in TYPO3\FLOW3\Reflection\ReflectionService::log()]
12-01-19 14:52:23 7801       DEBUG     FLOW3                Found 1 classes whose reflection data was not cached previously. [logged in TYPO3\FLOW3\Reflection\ReflectionService::log()]
12-01-19 14:52:24 7708       DEBUG     FLOW3                Router route(): Route "FLOW3 :: default with action and format" matched the path "typo3.cosa/room/next". [logged in TYPO3\FLOW3\MVC\Web\Routing\Router_Original::findMatchResults()]
12-01-19 14:53:34 7840       INFO      FLOW3                File Monitor detected 1 changed files and 0 changed directories. [logged in TYPO3\FLOW3\Monitor\FileMonitor::detectChanges()]
12-01-19 14:53:34 7840       DEBUG     FLOW3                Reflecting class TYPO3\CoSA\Controller\RoomController [logged in TYPO3\FLOW3\Reflection\ReflectionService::log()]
12-01-19 14:53:34 7840       INFO      FLOW3                Reflected 1 emerged classes. [logged in TYPO3\FLOW3\Reflection\ReflectionService::log()]
12-01-19 14:53:35 7840       DEBUG     FLOW3                Found 1 classes whose reflection data was not cached previously. [logged in TYPO3\FLOW3\Reflection\ReflectionService::log()]
12-01-19 14:53:36 7380       DEBUG     FLOW3                Router route(): Route "FLOW3 :: default with action and format" matched the path "typo3.cosa/room/load". [logged in TYPO3\FLOW3\MVC\Web\Routing\Router_Original::findMatchResults()]
12-01-19 14:53:39 7380       DEBUG     FLOW3                Router route(): Route "FLOW3 :: default with action and format" matched the path "typo3.cosa/room/next". [logged in TYPO3\FLOW3\MVC\Web\Routing\Router_Original::findMatchResults()]
12-01-19 14:53:51 7852       INFO      FLOW3                File Monitor detected 1 changed files and 0 changed directories. [logged in TYPO3\FLOW3\Monitor\FileMonitor::detectChanges()]
12-01-19 14:53:51 7852       DEBUG     FLOW3                Reflecting class TYPO3\CoSA\Controller\RoomController [logged in TYPO3\FLOW3\Reflection\ReflectionService::log()]
12-01-19 14:53:51 7852       INFO      FLOW3                Reflected 1 emerged classes. [logged in TYPO3\FLOW3\Reflection\ReflectionService::log()]
12-01-19 14:53:53 7852       DEBUG     FLOW3                Found 1 classes whose reflection data was not cached previously. [logged in TYPO3\FLOW3\Reflection\ReflectionService::log()]
12-01-19 14:53:53 7733       DEBUG     FLOW3                Router route(): Route "FLOW3 :: default with action and format" matched the path "typo3.cosa/room/next". [logged in TYPO3\FLOW3\MVC\Web\Routing\Router_Original::findMatchResults()]
12-01-19 14:54:17 7865       INFO      FLOW3                File Monitor detected 1 changed files and 0 changed directories. [logged in TYPO3\FLOW3\Monitor\FileMonitor::detectChanges()]
12-01-19 14:54:17 7865       DEBUG     FLOW3                Reflecting class TYPO3\CoSA\Controller\RoomController [logged in TYPO3\FLOW3\Reflection\ReflectionService::log()]
12-01-19 14:54:17 7865       INFO      FLOW3                Reflected 1 emerged classes. [logged in TYPO3\FLOW3\Reflection\ReflectionService::log()]
12-01-19 14:54:18 7865       DEBUG     FLOW3                Found 1 classes whose reflection data was not cached previously. [logged in TYPO3\FLOW3\Reflection\ReflectionService::log()]
12-01-19 14:54:19 7423       DEBUG     FLOW3                Router route(): Route "FLOW3 :: default with action and format" matched the path "typo3.cosa/room/next". [logged in TYPO3\FLOW3\MVC\Web\Routing\Router_Original::findMatchResults()]
12-01-19 14:54:54 7608       DEBUG     FLOW3                Router route(): Route "FLOW3 :: default with action and format" matched the path "typo3.cosa/room/load". [logged in TYPO3\FLOW3\MVC\Web\Routing\Router_Original::findMatchResults()]
12-01-19 14:54:58 7608       DEBUG     FLOW3                Router route(): Route "FLOW3 :: default with action and format" matched the path "typo3.cosa/room/next". [logged in TYPO3\FLOW3\MVC\Web\Routing\Router_Original::findMatchResults()]
12-01-19 14:56:11 7928       INFO      FLOW3                File Monitor detected 1 changed files and 0 changed directories. [logged in TYPO3\FLOW3\Monitor\FileMonitor::detectChanges()]
12-01-19 14:56:11 7928       DEBUG     FLOW3                Reflecting class TYPO3\CoSA\Controller\RoomController [logged in TYPO3\FLOW3\Reflection\ReflectionService::log()]
12-01-19 14:56:11 7928       INFO      FLOW3                Reflected 1 emerged classes. [logged in TYPO3\FLOW3\Reflection\ReflectionService::log()]
12-01-19 14:56:12 7928       DEBUG     FLOW3                Found 1 classes whose reflection data was not cached previously. [logged in TYPO3\FLOW3\Reflection\ReflectionService::log()]
12-01-19 14:56:12 7116       DEBUG     FLOW3                Router route(): Route "FLOW3 :: default with action and format" matched the path "typo3.cosa/room/next". [logged in TYPO3\FLOW3\MVC\Web\Routing\Router_Original::findMatchResults()]
12-01-19 14:56:27 7939       INFO      FLOW3                File Monitor detected 1 changed files and 0 changed directories. [logged in TYPO3\FLOW3\Monitor\FileMonitor::detectChanges()]
12-01-19 14:56:27 7939       DEBUG     FLOW3                Reflecting class TYPO3\CoSA\Controller\RoomController [logged in TYPO3\FLOW3\Reflection\ReflectionService::log()]
12-01-19 14:56:27 7939       INFO      FLOW3                Reflected 1 emerged classes. [logged in TYPO3\FLOW3\Reflection\ReflectionService::log()]
12-01-19 14:56:28 7939       DEBUG     FLOW3                Found 1 classes whose reflection data was not cached previously. [logged in TYPO3\FLOW3\Reflection\ReflectionService::log()]
12-01-19 14:56:28 7733       DEBUG     FLOW3                Router route(): Route "FLOW3 :: default with action and format" matched the path "typo3.cosa/room/next". [logged in TYPO3\FLOW3\MVC\Web\Routing\Router_Original::findMatchResults()]
12-01-19 14:56:47 7402       DEBUG     FLOW3                Router route(): Route "FLOW3 :: default with action and format" matched the path "typo3.cosa/room/next". [logged in TYPO3\FLOW3\MVC\Web\Routing\Router_Original::findMatchResults()]
12-01-19 14:56:59 2685       DEBUG     FLOW3                Router route(): Route "FLOW3 :: default with action and format" matched the path "typo3.cosa/room/next". [logged in TYPO3\FLOW3\MVC\Web\Routing\Router_Original::findMatchResults()]
12-01-19 14:57:19 7980       INFO      FLOW3                File Monitor detected 1 changed files and 0 changed directories. [logged in TYPO3\FLOW3\Monitor\FileMonitor::detectChanges()]
12-01-19 14:57:19 7980       DEBUG     FLOW3                Reflecting class TYPO3\CoSA\Controller\RoomController [logged in TYPO3\FLOW3\Reflection\ReflectionService::log()]
12-01-19 14:57:19 7980       INFO      FLOW3                Reflected 1 emerged classes. [logged in TYPO3\FLOW3\Reflection\ReflectionService::log()]
12-01-19 14:57:20 7980       DEBUG     FLOW3                Found 1 classes whose reflection data was not cached previously. [logged in TYPO3\FLOW3\Reflection\ReflectionService::log()]
12-01-19 14:57:20 7608       DEBUG     FLOW3                Router route(): Route "FLOW3 :: default with action and format" matched the path "typo3.cosa/room/next". [logged in TYPO3\FLOW3\MVC\Web\Routing\Router_Original::findMatchResults()]
12-01-19 14:57:44 7423       DEBUG     FLOW3                Router route(): Route "FLOW3 :: default with action and format" matched the path "typo3.cosa/room/next". [logged in TYPO3\FLOW3\MVC\Web\Routing\Router_Original::findMatchResults()]
12-01-19 14:57:57 8000       INFO      FLOW3                File Monitor detected 1 changed files and 0 changed directories. [logged in TYPO3\FLOW3\Monitor\FileMonitor::detectChanges()]
12-01-19 14:57:57 8000       DEBUG     FLOW3                Reflecting class TYPO3\CoSA\Controller\RoomController [logged in TYPO3\FLOW3\Reflection\ReflectionService::log()]
12-01-19 14:57:57 8000       INFO      FLOW3                Reflected 1 emerged classes. [logged in TYPO3\FLOW3\Reflection\ReflectionService::log()]
12-01-19 14:57:58 8000       DEBUG     FLOW3                Found 1 classes whose reflection data was not cached previously. [logged in TYPO3\FLOW3\Reflection\ReflectionService::log()]
12-01-19 14:57:58 7116       DEBUG     FLOW3                Router route(): Route "FLOW3 :: default with action and format" matched the path "typo3.cosa/room/next". [logged in TYPO3\FLOW3\MVC\Web\Routing\Router_Original::findMatchResults()]
12-01-19 14:58:06 7116       DEBUG     FLOW3                Router route(): Route "FLOW3 :: default with action and format" matched the path "typo3.cosa/room/next". [logged in TYPO3\FLOW3\MVC\Web\Routing\Router_Original::findMatchResults()]
12-01-19 14:59:54 8066       INFO      FLOW3                File Monitor detected 1 changed files and 0 changed directories. [logged in TYPO3\FLOW3\Monitor\FileMonitor::detectChanges()]
12-01-19 14:59:54 8066       DEBUG     FLOW3                Reflecting class TYPO3\CoSA\Controller\RoomController [logged in TYPO3\FLOW3\Reflection\ReflectionService::log()]
12-01-19 14:59:54 8066       INFO      FLOW3                Reflected 1 emerged classes. [logged in TYPO3\FLOW3\Reflection\ReflectionService::log()]
12-01-19 14:59:55 8066       DEBUG     FLOW3                Found 1 classes whose reflection data was not cached previously. [logged in TYPO3\FLOW3\Reflection\ReflectionService::log()]
12-01-19 14:59:55 7842       DEBUG     FLOW3                Router route(): Route "FLOW3 :: default with action and format" matched the path "typo3.cosa/room/load". [logged in TYPO3\FLOW3\MVC\Web\Routing\Router_Original::findMatchResults()]
12-01-19 14:59:58 7842       DEBUG     FLOW3                Router route(): Route "FLOW3 :: default with action and format" matched the path "typo3.cosa/room/next". [logged in TYPO3\FLOW3\MVC\Web\Routing\Router_Original::findMatchResults()]
12-01-19 15:00:33 8128       INFO      FLOW3                File Monitor detected 1 changed files and 0 changed directories. [logged in TYPO3\FLOW3\Monitor\FileMonitor::detectChanges()]
12-01-19 15:00:34 8128       DEBUG     FLOW3                Reflecting class TYPO3\CoSA\Controller\RoomController [logged in TYPO3\FLOW3\Reflection\ReflectionService::log()]
12-01-19 15:00:34 8128       INFO      FLOW3                Reflected 1 emerged classes. [logged in TYPO3\FLOW3\Reflection\ReflectionService::log()]
12-01-19 15:00:35 8128       DEBUG     FLOW3                Found 1 classes whose reflection data was not cached previously. [logged in TYPO3\FLOW3\Reflection\ReflectionService::log()]
12-01-19 15:00:35 7116       DEBUG     FLOW3                Router route(): Route "FLOW3 :: default with action and format" matched the path "typo3.cosa/room/next". [logged in TYPO3\FLOW3\MVC\Web\Routing\Router_Original::findMatchResults()]
12-01-19 15:00:54 8141       INFO      FLOW3                File Monitor detected 1 changed files and 0 changed directories. [logged in TYPO3\FLOW3\Monitor\FileMonitor::detectChanges()]
12-01-19 15:00:54 8141       DEBUG     FLOW3                Reflecting class TYPO3\CoSA\Controller\RoomController [logged in TYPO3\FLOW3\Reflection\ReflectionService::log()]
12-01-19 15:00:54 8141       INFO      FLOW3                Reflected 1 emerged classes. [logged in TYPO3\FLOW3\Reflection\ReflectionService::log()]
12-01-19 15:00:55 8141       DEBUG     FLOW3                Found 1 classes whose reflection data was not cached previously. [logged in TYPO3\FLOW3\Reflection\ReflectionService::log()]
12-01-19 15:00:55 7733       DEBUG     FLOW3                Router route(): Route "FLOW3 :: default with action and format" matched the path "typo3.cosa/room/next". [logged in TYPO3\FLOW3\MVC\Web\Routing\Router_Original::findMatchResults()]
12-01-19 15:00:56 7733       CRITICAL  FLOW3                Uncaught exception #1298012500 in line 133 of /Users/Pensan/Webpages/Apache/CoSA/Data/Temporary/Development/Cache/Code/FLOW3_Object_Classes/TYPO3_FLOW3_MVC_Controller_ActionController_Original.php: Required argument "answers" is not set. - See also: 20120119150053ffaff8.txt [logged in TYPO3\FLOW3\MVC\Controller\AbstractController::mapRequestArgumentsToControllerArguments()]
12-01-19 15:01:00 7888       DEBUG     FLOW3                Router route(): Route "FLOW3 :: default with action and format" matched the path "typo3.cosa/room/load". [logged in TYPO3\FLOW3\MVC\Web\Routing\Router_Original::findMatchResults()]
12-01-19 15:01:07 7888       DEBUG     FLOW3                Router route(): Route "FLOW3 :: default with action and format" matched the path "typo3.cosa/room/next". [logged in TYPO3\FLOW3\MVC\Web\Routing\Router_Original::findMatchResults()]
12-01-19 15:01:07 7888       CRITICAL  FLOW3                Uncaught exception #1297759968 in line 285 of /Users/Pensan/Webpages/Apache/CoSA/Data/Temporary/Development/Cache/Code/FLOW3_Object_Classes/TYPO3_FLOW3_MVC_Controller_Argument_Original.php: Exception while property mapping at property path "":Property "0" was not found in target object of type "TYPO3\CoSA\Domain\Model\Answer". - See also: 20120119150105d1aff5.txt [logged in TYPO3\FLOW3\Property\PropertyMapper_Original::convert()]
    previousException => Uncaught exception #1297978366 in line 158 of /Users/Pensan/Webpages/Apache/CoSA/Data/Temporary/Development/Cache/Code/FLOW3_Object_Classes/TYPO3_FLOW3_Property_PropertyMapper_Original.php: Property "0" was not found in target object of type "TYPO3\CoSA\Domain\Model\Answer".

12-01-19 15:01:36 8188       INFO      FLOW3                File Monitor detected 1 changed files and 0 changed directories. [logged in TYPO3\FLOW3\Monitor\FileMonitor::detectChanges()]
12-01-19 15:01:36 8188       DEBUG     FLOW3                Reflecting class TYPO3\CoSA\Controller\RoomController [logged in TYPO3\FLOW3\Reflection\ReflectionService::log()]
12-01-19 15:01:36 8188       INFO      FLOW3                Reflected 1 emerged classes. [logged in TYPO3\FLOW3\Reflection\ReflectionService::log()]
12-01-19 15:01:37 8188       DEBUG     FLOW3                Found 1 classes whose reflection data was not cached previously. [logged in TYPO3\FLOW3\Reflection\ReflectionService::log()]
12-01-19 15:01:38 7436       DEBUG     FLOW3                Router route(): Route "FLOW3 :: default with action and format" matched the path "typo3.cosa/room/next". [logged in TYPO3\FLOW3\MVC\Web\Routing\Router_Original::findMatchResults()]
12-01-19 15:01:38 7436       CRITICAL  FLOW3                Uncaught exception #1298012500 in line 133 of /Users/Pensan/Webpages/Apache/CoSA/Data/Temporary/Development/Cache/Code/FLOW3_Object_Classes/TYPO3_FLOW3_MVC_Controller_ActionController_Original.php: Required argument "answer" is not set. - See also: 20120119150136c67ad2.txt [logged in TYPO3\FLOW3\MVC\Controller\AbstractController::mapRequestArgumentsToControllerArguments()]
12-01-19 15:01:41 7733       DEBUG     FLOW3                Router route(): Route "FLOW3 :: default with action and format" matched the path "typo3.cosa/room/load". [logged in TYPO3\FLOW3\MVC\Web\Routing\Router_Original::findMatchResults()]
12-01-19 15:01:45 7733       DEBUG     FLOW3                Router route(): Route "FLOW3 :: default with action and format" matched the path "typo3.cosa/room/next". [logged in TYPO3\FLOW3\MVC\Web\Routing\Router_Original::findMatchResults()]
12-01-19 15:02:15 7608       DEBUG     FLOW3                Router route(): Route "FLOW3 :: default with action and format" matched the path "typo3.cosa/room/load". [logged in TYPO3\FLOW3\MVC\Web\Routing\Router_Original::findMatchResults()]
12-01-19 15:02:15 7608       CRITICAL  Fluid                Uncaught exception #1237900529 in line 215 of /Users/Pensan/Webpages/Apache/CoSA/Packages/Framework/TYPO3.Fluid/Classes/Core/ViewHelper/AbstractViewHelper.php: The argument "arguments" was registered with type "array", but is of type "string" in view helper "TYPO3\Fluid\ViewHelpers\Link\ActionViewHelper" - See also: 201201191502132de204.txt [logged in TYPO3\Fluid\Core\ViewHelper\AbstractViewHelper::validateArguments()]
